<?xml version="1.0" encoding="UTF-8"?>
<testsuites name="New Test Suite" time="69" tests="1" failures="0" errors="0">
   <testsuite name="New Test Suite" tests="1" failures="0" errors="0" time="69" timestamp="2019-03-11 12:11:14" hostname="Admin - AP-626" id="Test Suites/New Test Suite">
      <properties>
         <property name="deviceName" value=""/>
         <property name="devicePlatform" value=""/>
         <property name="logFolder" value="C:\\Users\\Admin\\Desktop\\DataEntity\\Reports\\New Test Suite\\20190311_121106"/>
         <property name="logFiles" value="C:\\Users\\Admin\\Desktop\\DataEntity\\Reports\\New Test Suite\\20190311_121106\\execution0.log"/>
         <property name="attachments" value=""/>
         <property name="hostName" value="Admin - AP-626"/>
         <property name="os" value="Windows 10 64bit"/>
         <property name="katalonVersion" value="6.0.5.10"/>
         <property name="browser" value="Chrome 72.0.3626.119"/>
         <property name="hostAddress" value="192.168.92.1"/>
         <property name="sessionId" value="87aa6ae37761bdeab2ef610166a7d49e"/>
         <property name="seleniumVersion" value="3.7.1"/>
         <property name="proxyInformation" value="ProxyInformation{proxyOption=NO_PROXY, proxyServerType=HTTP, password=, proxyServerAddress=, proxyServerPort=0}"/>
         <property name="platform" value="Windows 10"/>
      </properties>
      <testcase name="Test Cases/DataEntity" classname="Test Cases/DataEntity" status="PASSED">
         <system-out><![CDATA[2019-03-11 12:11:15 - [TEST_CASE][PASSED] - Test Cases/DataEntity: Test Cases/DataEntity

2019-03-11 12:11:15 - [TEST_STEP][PASSED] - openBrowser(""): Browser is opened with url: ''

2019-03-11 12:11:16 - [MESSAGE][INFO] - Starting 'Chrome' driver

2019-03-11 12:11:16 - [MESSAGE][INFO] - Action delay is set to 1 seconds

2019-03-11 12:11:23 - [MESSAGE][PASSED] - Browser is opened with url: ''

2019-03-11 12:11:23 - [TEST_STEP][PASSED] - for ([i = 0, i < 1, (i++)]): Object: 'Object Repository/Page_nxone - Data Entities/button_Create Entity (2) (1)' is clicked on

2019-03-11 12:11:23 - [TEST_STEP][PASSED] - navigateToUrl("https://nx01.nxone.com/login?returnUrl=%2fdata-entity%2fdesigner%2fnew%2fentity"): Navigate to 'https://nx01.nxone.com/login?returnUrl=%2fdata-entity%2fdesigner%2fnew%2fentity' successfully

2019-03-11 12:11:27 - [MESSAGE][PASSED] - Navigate to 'https://nx01.nxone.com/login?returnUrl=%2fdata-entity%2fdesigner%2fnew%2fentity' successfully

2019-03-11 12:11:27 - [TEST_STEP][PASSED] - click(findTestObject("Page_AgilePoint NX/a_AgilePoint ID")): Object: 'Object Repository/Page_AgilePoint NX/a_AgilePoint ID' is clicked on

2019-03-11 12:11:30 - [MESSAGE][PASSED] - Object: 'Object Repository/Page_AgilePoint NX/a_AgilePoint ID' is clicked on

2019-03-11 12:11:30 - [TEST_STEP][PASSED] - setText(findTestObject("Page_AgilePoint NX - Sign In using your AgilePoint ID/input_User Name_userNameOrEmail"), "murlitrail1"): Text 'murlitrail1' is set on object 'Object Repository/Page_AgilePoint NX - Sign In using your AgilePoint ID/input_User Name_userNameOrEmail'

2019-03-11 12:11:35 - [MESSAGE][PASSED] - Text 'murlitrail1' is set on object 'Object Repository/Page_AgilePoint NX - Sign In using your AgilePoint ID/input_User Name_userNameOrEmail'

2019-03-11 12:11:35 - [TEST_STEP][PASSED] - setEncryptedText(findTestObject("Page_AgilePoint NX - Sign In using your AgilePoint ID/input_Password_password"), "8SQVv/p9jVQfGmY+KQYReA=="): Text ****** has been set on object 'Object Repository/Page_AgilePoint NX - Sign In using your AgilePoint ID/input_Password_password'

2019-03-11 12:11:38 - [MESSAGE][PASSED] - Text ****** has been set on object 'Object Repository/Page_AgilePoint NX - Sign In using your AgilePoint ID/input_Password_password'

2019-03-11 12:11:38 - [TEST_STEP][PASSED] - click(findTestObject("Page_AgilePoint NX - Sign In using your AgilePoint ID/button_Login")): Object: 'Object Repository/Page_AgilePoint NX - Sign In using your AgilePoint ID/button_Login' is clicked on

2019-03-11 12:11:42 - [MESSAGE][PASSED] - Object: 'Object Repository/Page_AgilePoint NX - Sign In using your AgilePoint ID/button_Login' is clicked on

2019-03-11 12:11:42 - [TEST_STEP][PASSED] - setText(findTestObject("Object Repository/Page_nxone - Data Entities/input_Display Name_displayName (2) (1)"), "TestAutomation6"): Text 'TestAutomation6' is set on object 'Object Repository/Page_nxone - Data Entities/input_Display Name_displayName (2) (1)'

2019-03-11 12:11:55 - [MESSAGE][PASSED] - Text 'TestAutomation6' is set on object 'Object Repository/Page_nxone - Data Entities/input_Display Name_displayName (2) (1)'

2019-03-11 12:11:55 - [TEST_STEP][PASSED] - click(findTestObject("Object Repository/Page_nxone - Data Entities/div_ (1) (1) (1)")): Object: 'Object Repository/Page_nxone - Data Entities/div_ (1) (1) (1)' is clicked on

2019-03-11 12:11:58 - [MESSAGE][PASSED] - Object: 'Object Repository/Page_nxone - Data Entities/div_ (1) (1) (1)' is clicked on

2019-03-11 12:11:58 - [TEST_STEP][PASSED] - click(findTestObject("Object Repository/Page_nxone - Data Entities/div_Human Resources (1)")): Object: 'Object Repository/Page_nxone - Data Entities/div_Human Resources (1)' is clicked on

2019-03-11 12:12:00 - [MESSAGE][PASSED] - Object: 'Object Repository/Page_nxone - Data Entities/div_Human Resources (1)' is clicked on

2019-03-11 12:12:00 - [TEST_STEP][PASSED] - setText(findTestObject("Object Repository/Page_nxone - Data Entities/input_Record Display Name_primaryField.displayName (2) (1)"), "TestAuto6"): Text 'TestAuto6' is set on object 'Object Repository/Page_nxone - Data Entities/input_Record Display Name_primaryField.displayName (2) (1)'

2019-03-11 12:12:05 - [MESSAGE][PASSED] - Text 'TestAuto6' is set on object 'Object Repository/Page_nxone - Data Entities/input_Record Display Name_primaryField.displayName (2) (1)'

2019-03-11 12:12:05 - [TEST_STEP][PASSED] - setText(findTestObject("Object Repository/Page_nxone - Data Entities/textarea_Descriptio"), "Description"): Text 'Description' is set on object 'Object Repository/Page_nxone - Data Entities/textarea_Descriptio'

2019-03-11 12:12:09 - [MESSAGE][PASSED] - Text 'Description' is set on object 'Object Repository/Page_nxone - Data Entities/textarea_Descriptio'

2019-03-11 12:12:09 - [TEST_STEP][PASSED] - click(findTestObject("Page_nxone - Data Entities/button_Create Entity (2) (1)")): Object: 'Object Repository/Page_nxone - Data Entities/button_Create Entity (2) (1)' is clicked on

2019-03-11 12:12:12 - [MESSAGE][PASSED] - Object: 'Object Repository/Page_nxone - Data Entities/button_Create Entity (2) (1)' is clicked on

2019-03-11 12:12:12 - [TEST_STEP][PASSED] - delay(10): Delayed 10 second(s)

2019-03-11 12:12:22 - [MESSAGE][PASSED] - Delayed 10 second(s)

2019-03-11 12:12:22 - [TEST_STEP][PASSED] - closeBrowser(): Browser is closed

2019-03-11 12:12:23 - [MESSAGE][PASSED] - Browser is closed]]></system-out>
         <system-err><![CDATA[]]></system-err>
      </testcase>
      <system-out><![CDATA[2019-03-11 12:11:14 - [TEST_SUITE][PASSED] - New Test Suite: Test Cases/DataEntity]]></system-out>
      <system-err><![CDATA[]]></system-err>
   </testsuite>
</testsuites>
